{
"contracts\\Lottery.sol":{"l":{"12":9,"17":0,"18":0,"23":1,"24":1,"28":3,"32":0,"33":0,"34":0,"35":0,"36":0,"37":0,"38":0,"39":0},"path":"C:\\Users\\tusha\\OneDrive\\Desktop\\BlockChain Projects\\LotterySystem\\contracts\\Lottery.sol","s":{"1":9,"2":1,"3":1,"4":3,"5":0,"6":0,"7":0,"8":0,"9":0,"10":0,"11":0,"12":0},"b":{"1":[0,0],"2":[1,0],"3":[0,0],"4":[0,0]},"f":{"1":9,"2":1,"3":3,"4":0},"fnMap":{"1":{"name":"constructor","line":9,"loc":{"start":{"line":9,"column":4},"end":{"line":13,"column":4}}},"2":{"name":"getBalance","line":21,"loc":{"start":{"line":21,"column":4},"end":{"line":25,"column":4}}},"3":{"name":"random","line":26,"loc":{"start":{"line":26,"column":4},"end":{"line":29,"column":4}}},"4":{"name":"selectWinner","line":30,"loc":{"start":{"line":30,"column":4},"end":{"line":40,"column":4}}}},"statementMap":{"1":{"start":{"line":12,"column":8},"end":{"line":12,"column":27}},"2":{"start":{"line":23,"column":8},"end":{"line":23,"column":37}},"3":{"start":{"line":24,"column":8},"end":{"line":24,"column":36}},"4":{"start":{"line":28,"column":6},"end":{"line":28,"column":103}},"5":{"start":{"line":32,"column":8},"end":{"line":32,"column":37}},"6":{"start":{"line":33,"column":8},"end":{"line":33,"column":40}},"7":{"start":{"line":34,"column":8},"end":{"line":34,"column":25}},"8":{"start":{"line":35,"column":8},"end":{"line":35,"column":30}},"9":{"start":{"line":36,"column":8},"end":{"line":36,"column":44}},"10":{"start":{"line":37,"column":8},"end":{"line":37,"column":35}},"11":{"start":{"line":38,"column":8},"end":{"line":38,"column":36}},"12":{"start":{"line":39,"column":8},"end":{"line":39,"column":46}}},"branchMap":{"1":{"line":17,"type":"if","locations":[{"start":{"line":17,"column":8},"end":{"line":17,"column":8}},{"start":{"line":17,"column":8},"end":{"line":17,"column":8}}]},"2":{"line":23,"type":"if","locations":[{"start":{"line":23,"column":8},"end":{"line":23,"column":8}},{"start":{"line":23,"column":8},"end":{"line":23,"column":8}}]},"3":{"line":32,"type":"if","locations":[{"start":{"line":32,"column":8},"end":{"line":32,"column":8}},{"start":{"line":32,"column":8},"end":{"line":32,"column":8}}]},"4":{"line":33,"type":"if","locations":[{"start":{"line":33,"column":8},"end":{"line":33,"column":8}},{"start":{"line":33,"column":8},"end":{"line":33,"column":8}}]}}}}
