TN:
SF:C:\Users\tusha\OneDrive\Desktop\BlockChain Projects\LotterySystem\contracts\Lottery.sol
FN:9,constructor
FN:21,getBalance
FN:26,random
FN:30,selectWinner
FNF:4
FNH:3
FNDA:9,constructor
FNDA:1,getBalance
FNDA:3,random
FNDA:0,selectWinner
DA:12,9
DA:17,0
DA:18,0
DA:23,1
DA:24,1
DA:28,3
DA:32,0
DA:33,0
DA:34,0
DA:35,0
DA:36,0
DA:37,0
DA:38,0
DA:39,0
LF:14
LH:4
BRDA:17,1,0,0
BRDA:17,1,1,0
BRDA:23,2,0,1
BRDA:23,2,1,0
BRDA:32,3,0,0
BRDA:32,3,1,0
BRDA:33,4,0,0
BRDA:33,4,1,0
BRF:8
BRH:1
end_of_record
